2023-06-07 18:27:58,380 [Worker-4: Loading available Gradle versions] INFO  o.e.b.c.i.u.g.PublishedGradleVersions - Gradle version information cache is out-of-date. Trying to update.
2023-06-07 18:30:24,488 [Worker-4: Creating project "PageObjectTest"] INFO  o.e.m.c.i.l.LifecycleMappingFactory - Using org.eclipse.m2e.jdt.JarLifecycleMapping lifecycle mapping for MavenProject: Pageobjectcoderepository:PageObjectTest:0.0.1-SNAPSHOT @ E:\Automation\PageObjectModelPractice\PageObjectTest\pom.xml.
2023-06-07 18:30:27,067 [Worker-4: Creating project "PageObjectTest"] INFO  o.e.m.j.i.AbstractJavaProjectConfigurator - Adding source folder /PageObjectTest/src/main/java
2023-06-07 18:30:27,070 [Worker-4: Creating project "PageObjectTest"] INFO  o.e.m.j.i.AbstractJavaProjectConfigurator - Adding resource folder /PageObjectTest/src/main/resources
2023-06-07 18:30:27,072 [Worker-4: Creating project "PageObjectTest"] INFO  o.e.m.j.i.AbstractJavaProjectConfigurator - Adding source folder /PageObjectTest/src/test/java
2023-06-07 18:30:27,073 [Worker-4: Creating project "PageObjectTest"] INFO  o.e.m.j.i.AbstractJavaProjectConfigurator - Adding resource folder /PageObjectTest/src/test/resources
2023-06-07 18:30:30,866 [Worker-0: Building] WARN  o.e.m.c.i.embedder.EclipseLogger - Using platform encoding (Cp1252 actually) to copy filtered resources, i.e. build is platform dependent!
2023-06-07 18:30:30,875 [Worker-0: Building] INFO  o.e.m.c.i.embedder.EclipseLogger - Copying 0 resource
2023-06-07 18:30:30,880 [Worker-0: Building] WARN  o.e.m.c.i.embedder.EclipseLogger - Using platform encoding (Cp1252 actually) to copy filtered resources, i.e. build is platform dependent!
2023-06-07 18:30:30,882 [Worker-0: Building] INFO  o.e.m.c.i.embedder.EclipseLogger - Copying 0 resource
2023-06-07 18:35:32,944 [Worker-2: Launching mavenrun-f71a1701-29d7-4999-b9af-829698f80571] INFO  o.eclipse.m2e.core.internal.Bundles - getClasspathEntries(Bundle=org.eclipse.m2e.maven.runtime_3.8.604.20221130-2149 [606])
2023-06-07 18:35:32,975 [Worker-2: Launching mavenrun-f71a1701-29d7-4999-b9af-829698f80571] INFO  o.eclipse.m2e.core.internal.Bundles - 	Entry: E:\Softwares\eclipse\plugins\org.eclipse.m2e.maven.runtime_3.8.604.20221130-2149
2023-06-07 18:35:32,976 [Worker-2: Launching mavenrun-f71a1701-29d7-4999-b9af-829698f80571] INFO  o.eclipse.m2e.core.internal.Bundles - 	Entry: E:\Softwares\eclipse\plugins\org.eclipse.m2e.maven.runtime_3.8.604.20221130-2149\jars\aether-connector-okhttp-0.17.8.jar
2023-06-07 18:35:32,976 [Worker-2: Launching mavenrun-f71a1701-29d7-4999-b9af-829698f80571] INFO  o.eclipse.m2e.core.internal.Bundles - 	Entry: E:\Softwares\eclipse\plugins\org.eclipse.m2e.maven.runtime_3.8.604.20221130-2149\jars\commons-cli-1.4.jar
2023-06-07 18:35:32,976 [Worker-2: Launching mavenrun-f71a1701-29d7-4999-b9af-829698f80571] INFO  o.eclipse.m2e.core.internal.Bundles - 	Entry: E:\Softwares\eclipse\plugins\org.eclipse.m2e.maven.runtime_3.8.604.20221130-2149\jars\commons-io-2.6.jar
2023-06-07 18:35:32,976 [Worker-2: Launching mavenrun-f71a1701-29d7-4999-b9af-829698f80571] INFO  o.eclipse.m2e.core.internal.Bundles - 	Entry: E:\Softwares\eclipse\plugins\org.eclipse.m2e.maven.runtime_3.8.604.20221130-2149\jars\commons-lang3-3.8.1.jar
2023-06-07 18:35:32,976 [Worker-2: Launching mavenrun-f71a1701-29d7-4999-b9af-829698f80571] INFO  o.eclipse.m2e.core.internal.Bundles - 	Entry: E:\Softwares\eclipse\plugins\org.eclipse.m2e.maven.runtime_3.8.604.20221130-2149\jars\guice-4.2.2-no_aop.jar
2023-06-07 18:35:32,977 [Worker-2: Launching mavenrun-f71a1701-29d7-4999-b9af-829698f80571] INFO  o.eclipse.m2e.core.internal.Bundles - 	Entry: E:\Softwares\eclipse\plugins\org.eclipse.m2e.maven.runtime_3.8.604.20221130-2149\jars\jansi-2.4.0.jar
2023-06-07 18:35:32,977 [Worker-2: Launching mavenrun-f71a1701-29d7-4999-b9af-829698f80571] INFO  o.eclipse.m2e.core.internal.Bundles - 	Entry: E:\Softwares\eclipse\plugins\org.eclipse.m2e.maven.runtime_3.8.604.20221130-2149\jars\maven-artifact-3.8.6.jar
2023-06-07 18:35:32,977 [Worker-2: Launching mavenrun-f71a1701-29d7-4999-b9af-829698f80571] INFO  o.eclipse.m2e.core.internal.Bundles - 	Entry: E:\Softwares\eclipse\plugins\org.eclipse.m2e.maven.runtime_3.8.604.20221130-2149\jars\maven-builder-support-3.8.6.jar
2023-06-07 18:35:32,977 [Worker-2: Launching mavenrun-f71a1701-29d7-4999-b9af-829698f80571] INFO  o.eclipse.m2e.core.internal.Bundles - 	Entry: E:\Softwares\eclipse\plugins\org.eclipse.m2e.maven.runtime_3.8.604.20221130-2149\jars\maven-compat-3.8.6.jar
2023-06-07 18:35:32,977 [Worker-2: Launching mavenrun-f71a1701-29d7-4999-b9af-829698f80571] INFO  o.eclipse.m2e.core.internal.Bundles - 	Entry: E:\Softwares\eclipse\plugins\org.eclipse.m2e.maven.runtime_3.8.604.20221130-2149\jars\maven-core-3.8.6.jar
2023-06-07 18:35:32,977 [Worker-2: Launching mavenrun-f71a1701-29d7-4999-b9af-829698f80571] INFO  o.eclipse.m2e.core.internal.Bundles - 	Entry: E:\Softwares\eclipse\plugins\org.eclipse.m2e.maven.runtime_3.8.604.20221130-2149\jars\maven-embedder-3.8.6.jar
2023-06-07 18:35:32,978 [Worker-2: Launching mavenrun-f71a1701-29d7-4999-b9af-829698f80571] INFO  o.eclipse.m2e.core.internal.Bundles - 	Entry: E:\Softwares\eclipse\plugins\org.eclipse.m2e.maven.runtime_3.8.604.20221130-2149\jars\maven-model-3.8.6.jar
2023-06-07 18:35:32,978 [Worker-2: Launching mavenrun-f71a1701-29d7-4999-b9af-829698f80571] INFO  o.eclipse.m2e.core.internal.Bundles - 	Entry: E:\Softwares\eclipse\plugins\org.eclipse.m2e.maven.runtime_3.8.604.20221130-2149\jars\maven-model-builder-3.8.6.jar
2023-06-07 18:35:32,978 [Worker-2: Launching mavenrun-f71a1701-29d7-4999-b9af-829698f80571] INFO  o.eclipse.m2e.core.internal.Bundles - 	Entry: E:\Softwares\eclipse\plugins\org.eclipse.m2e.maven.runtime_3.8.604.20221130-2149\jars\maven-plugin-api-3.8.6.jar
2023-06-07 18:35:32,978 [Worker-2: Launching mavenrun-f71a1701-29d7-4999-b9af-829698f80571] INFO  o.eclipse.m2e.core.internal.Bundles - 	Entry: E:\Softwares\eclipse\plugins\org.eclipse.m2e.maven.runtime_3.8.604.20221130-2149\jars\maven-repository-metadata-3.8.6.jar
2023-06-07 18:35:32,978 [Worker-2: Launching mavenrun-f71a1701-29d7-4999-b9af-829698f80571] INFO  o.eclipse.m2e.core.internal.Bundles - 	Entry: E:\Softwares\eclipse\plugins\org.eclipse.m2e.maven.runtime_3.8.604.20221130-2149\jars\maven-resolver-api-1.6.3.jar
2023-06-07 18:35:32,978 [Worker-2: Launching mavenrun-f71a1701-29d7-4999-b9af-829698f80571] INFO  o.eclipse.m2e.core.internal.Bundles - 	Entry: E:\Softwares\eclipse\plugins\org.eclipse.m2e.maven.runtime_3.8.604.20221130-2149\jars\maven-resolver-connector-basic-1.6.3.jar
2023-06-07 18:35:32,979 [Worker-2: Launching mavenrun-f71a1701-29d7-4999-b9af-829698f80571] INFO  o.eclipse.m2e.core.internal.Bundles - 	Entry: E:\Softwares\eclipse\plugins\org.eclipse.m2e.maven.runtime_3.8.604.20221130-2149\jars\maven-resolver-impl-1.6.3.jar
2023-06-07 18:35:32,979 [Worker-2: Launching mavenrun-f71a1701-29d7-4999-b9af-829698f80571] INFO  o.eclipse.m2e.core.internal.Bundles - 	Entry: E:\Softwares\eclipse\plugins\org.eclipse.m2e.maven.runtime_3.8.604.20221130-2149\jars\maven-resolver-provider-3.8.6.jar
2023-06-07 18:35:32,979 [Worker-2: Launching mavenrun-f71a1701-29d7-4999-b9af-829698f80571] INFO  o.eclipse.m2e.core.internal.Bundles - 	Entry: E:\Softwares\eclipse\plugins\org.eclipse.m2e.maven.runtime_3.8.604.20221130-2149\jars\maven-resolver-spi-1.6.3.jar
2023-06-07 18:35:32,979 [Worker-2: Launching mavenrun-f71a1701-29d7-4999-b9af-829698f80571] INFO  o.eclipse.m2e.core.internal.Bundles - 	Entry: E:\Softwares\eclipse\plugins\org.eclipse.m2e.maven.runtime_3.8.604.20221130-2149\jars\maven-resolver-transport-wagon-1.6.3.jar
2023-06-07 18:35:32,979 [Worker-2: Launching mavenrun-f71a1701-29d7-4999-b9af-829698f80571] INFO  o.eclipse.m2e.core.internal.Bundles - 	Entry: E:\Softwares\eclipse\plugins\org.eclipse.m2e.maven.runtime_3.8.604.20221130-2149\jars\maven-resolver-util-1.6.3.jar
2023-06-07 18:35:32,979 [Worker-2: Launching mavenrun-f71a1701-29d7-4999-b9af-829698f80571] INFO  o.eclipse.m2e.core.internal.Bundles - 	Entry: E:\Softwares\eclipse\plugins\org.eclipse.m2e.maven.runtime_3.8.604.20221130-2149\jars\maven-settings-3.8.6.jar
2023-06-07 18:35:32,980 [Worker-2: Launching mavenrun-f71a1701-29d7-4999-b9af-829698f80571] INFO  o.eclipse.m2e.core.internal.Bundles - 	Entry: E:\Softwares\eclipse\plugins\org.eclipse.m2e.maven.runtime_3.8.604.20221130-2149\jars\maven-settings-builder-3.8.6.jar
2023-06-07 18:35:32,980 [Worker-2: Launching mavenrun-f71a1701-29d7-4999-b9af-829698f80571] INFO  o.eclipse.m2e.core.internal.Bundles - 	Entry: E:\Softwares\eclipse\plugins\org.eclipse.m2e.maven.runtime_3.8.604.20221130-2149\jars\maven-shared-utils-3.3.4.jar
2023-06-07 18:35:32,980 [Worker-2: Launching mavenrun-f71a1701-29d7-4999-b9af-829698f80571] INFO  o.eclipse.m2e.core.internal.Bundles - 	Entry: E:\Softwares\eclipse\plugins\org.eclipse.m2e.maven.runtime_3.8.604.20221130-2149\jars\okhttp-3.14.1.jar
2023-06-07 18:35:32,980 [Worker-2: Launching mavenrun-f71a1701-29d7-4999-b9af-829698f80571] INFO  o.eclipse.m2e.core.internal.Bundles - 	Entry: E:\Softwares\eclipse\plugins\org.eclipse.m2e.maven.runtime_3.8.604.20221130-2149\jars\okio-1.17.3.jar
2023-06-07 18:35:32,981 [Worker-2: Launching mavenrun-f71a1701-29d7-4999-b9af-829698f80571] INFO  o.eclipse.m2e.core.internal.Bundles - 	Entry: E:\Softwares\eclipse\plugins\org.eclipse.m2e.maven.runtime_3.8.604.20221130-2149\jars\org.eclipse.sisu.inject-0.3.5.jar
2023-06-07 18:35:32,981 [Worker-2: Launching mavenrun-f71a1701-29d7-4999-b9af-829698f80571] INFO  o.eclipse.m2e.core.internal.Bundles - 	Entry: E:\Softwares\eclipse\plugins\org.eclipse.m2e.maven.runtime_3.8.604.20221130-2149\jars\org.eclipse.sisu.plexus-0.3.5.jar
2023-06-07 18:35:32,981 [Worker-2: Launching mavenrun-f71a1701-29d7-4999-b9af-829698f80571] INFO  o.eclipse.m2e.core.internal.Bundles - 	Entry: E:\Softwares\eclipse\plugins\org.eclipse.m2e.maven.runtime_3.8.604.20221130-2149\jars\plexus-build-api-0.0.7.jar
2023-06-07 18:35:32,981 [Worker-2: Launching mavenrun-f71a1701-29d7-4999-b9af-829698f80571] INFO  o.eclipse.m2e.core.internal.Bundles - 	Entry: E:\Softwares\eclipse\plugins\org.eclipse.m2e.maven.runtime_3.8.604.20221130-2149\jars\plexus-cipher-2.0.jar
2023-06-07 18:35:32,981 [Worker-2: Launching mavenrun-f71a1701-29d7-4999-b9af-829698f80571] INFO  o.eclipse.m2e.core.internal.Bundles - 	Entry: E:\Softwares\eclipse\plugins\org.eclipse.m2e.maven.runtime_3.8.604.20221130-2149\jars\plexus-classworlds-2.6.0.jar
2023-06-07 18:35:32,982 [Worker-2: Launching mavenrun-f71a1701-29d7-4999-b9af-829698f80571] INFO  o.eclipse.m2e.core.internal.Bundles - 	Entry: E:\Softwares\eclipse\plugins\org.eclipse.m2e.maven.runtime_3.8.604.20221130-2149\jars\plexus-component-annotations-2.1.0.jar
2023-06-07 18:35:32,982 [Worker-2: Launching mavenrun-f71a1701-29d7-4999-b9af-829698f80571] INFO  o.eclipse.m2e.core.internal.Bundles - 	Entry: E:\Softwares\eclipse\plugins\org.eclipse.m2e.maven.runtime_3.8.604.20221130-2149\jars\plexus-interpolation-1.26.jar
2023-06-07 18:35:32,982 [Worker-2: Launching mavenrun-f71a1701-29d7-4999-b9af-829698f80571] INFO  o.eclipse.m2e.core.internal.Bundles - 	Entry: E:\Softwares\eclipse\plugins\org.eclipse.m2e.maven.runtime_3.8.604.20221130-2149\jars\plexus-sec-dispatcher-2.0.jar
2023-06-07 18:35:32,982 [Worker-2: Launching mavenrun-f71a1701-29d7-4999-b9af-829698f80571] INFO  o.eclipse.m2e.core.internal.Bundles - 	Entry: E:\Softwares\eclipse\plugins\org.eclipse.m2e.maven.runtime_3.8.604.20221130-2149\jars\plexus-utils-3.3.1.jar
2023-06-07 18:35:32,982 [Worker-2: Launching mavenrun-f71a1701-29d7-4999-b9af-829698f80571] INFO  o.eclipse.m2e.core.internal.Bundles - 	Entry: E:\Softwares\eclipse\plugins\org.eclipse.m2e.maven.runtime_3.8.604.20221130-2149\jars\wagon-file-3.5.1.jar
2023-06-07 18:35:32,983 [Worker-2: Launching mavenrun-f71a1701-29d7-4999-b9af-829698f80571] INFO  o.eclipse.m2e.core.internal.Bundles - 	Entry: E:\Softwares\eclipse\plugins\org.eclipse.m2e.maven.runtime_3.8.604.20221130-2149\jars\wagon-provider-api-3.5.1.jar
2023-06-07 18:35:32,988 [Worker-2: Launching mavenrun-f71a1701-29d7-4999-b9af-829698f80571] INFO  o.eclipse.m2e.core.internal.Bundles - getClasspathEntries(Bundle=com.google.guava_30.1.0.v20221112-0806 [10])
2023-06-07 18:35:32,991 [Worker-2: Launching mavenrun-f71a1701-29d7-4999-b9af-829698f80571] INFO  o.eclipse.m2e.core.internal.Bundles - 	Entry: E:\Softwares\eclipse\plugins\com.google.guava_30.1.0.v20221112-0806.jar
2023-06-07 18:35:32,991 [Worker-2: Launching mavenrun-f71a1701-29d7-4999-b9af-829698f80571] INFO  o.eclipse.m2e.core.internal.Bundles - getClasspathEntries(Bundle=slf4j.api_1.7.36 [918])
2023-06-07 18:35:32,993 [Worker-2: Launching mavenrun-f71a1701-29d7-4999-b9af-829698f80571] INFO  o.eclipse.m2e.core.internal.Bundles - 	Entry: E:\Softwares\eclipse\plugins\slf4j.api_1.7.36.jar
2023-06-07 18:35:32,993 [Worker-2: Launching mavenrun-f71a1701-29d7-4999-b9af-829698f80571] INFO  o.eclipse.m2e.core.internal.Bundles - getClasspathEntries(Bundle=javax.inject_1.0.0.v20220405-0441 [32])
2023-06-07 18:35:32,996 [Worker-2: Launching mavenrun-f71a1701-29d7-4999-b9af-829698f80571] INFO  o.eclipse.m2e.core.internal.Bundles - 	Entry: E:\Softwares\eclipse\plugins\javax.inject_1.0.0.v20220405-0441.jar
2023-06-07 18:35:32,996 [Worker-2: Launching mavenrun-f71a1701-29d7-4999-b9af-829698f80571] INFO  o.eclipse.m2e.core.internal.Bundles - getClasspathEntries(Bundle=javax.annotation_1.3.5.v20221112-0806 [30])
2023-06-07 18:35:32,998 [Worker-2: Launching mavenrun-f71a1701-29d7-4999-b9af-829698f80571] INFO  o.eclipse.m2e.core.internal.Bundles - 	Entry: E:\Softwares\eclipse\plugins\javax.annotation_1.3.5.v20221112-0806.jar
2023-06-07 18:35:33,011 [Worker-2: Launching mavenrun-f71a1701-29d7-4999-b9af-829698f80571] INFO  o.e.m.i.launch.MavenLaunchDelegate - Run build in "C:\Users\DELL\AppData\Local\Temp\m2e-archetypeGenerator5648423407061464897":
2023-06-07 18:35:33,018 [Worker-2: Launching mavenrun-f71a1701-29d7-4999-b9af-829698f80571] INFO  o.e.m.i.launch.MavenLaunchDelegate -  mvn  -DarchetypeGroupId=org.apache.maven.archetypes -DarchetypeArtifactId=maven-archetype-quickstart -DarchetypeVersion=1.4 -DgroupId=PageObjectRepository -DartifactId=PageObjectTest -Dversion=0.0.1-SNAPSHOT -Dpackage=PageObjectRepository.PageObjectTest -DoutputDirectory=E:\Automation\PageObjectModelPractice -Dstyle.color=always -U archetype:generate
2023-06-07 18:38:50,609 [Worker-13: Creating maven-archetype-quickstart] INFO  o.e.m.c.i.p.ProjectConfigurationManager - Collecting project info '/pom.xml' E:\Automation\PageObjectModelPractice\PageObjectTest\pom.xml
2023-06-07 18:38:53,693 [Worker-13: Creating maven-archetype-quickstart] INFO  o.e.m.c.i.l.LifecycleMappingFactory - Using org.eclipse.m2e.jdt.JarLifecycleMapping lifecycle mapping for MavenProject: PageObjectRepository:PageObjectTest:0.0.1-SNAPSHOT @ E:\Automation\PageObjectModelPractice\PageObjectTest\pom.xml.
2023-06-07 18:38:55,456 [Worker-13: Creating maven-archetype-quickstart] INFO  o.e.m.j.i.AbstractJavaProjectConfigurator - Adding source folder /PageObjectTest/src/main/java
2023-06-07 18:38:55,473 [Worker-13: Creating maven-archetype-quickstart] INFO  o.e.m.j.i.AbstractJavaProjectConfigurator - Adding source folder /PageObjectTest/src/test/java
2023-06-07 18:38:56,260 [Worker-13: Creating maven-archetype-quickstart] INFO  o.e.m.c.i.p.ProjectConfigurationManager - Imported and configured 1 project(s) in 5 sec
2023-06-07 18:38:57,032 [Worker-17: Building] INFO  o.e.m.c.i.embedder.EclipseLogger - Using 'UTF-8' encoding to copy filtered resources.
2023-06-07 18:38:57,033 [Worker-17: Building] INFO  o.e.m.c.i.embedder.EclipseLogger - skip non existing resourceDirectory E:\Automation\PageObjectModelPractice\PageObjectTest\src\main\resources
2023-06-07 18:38:57,037 [Worker-17: Building] INFO  o.e.m.c.i.embedder.EclipseLogger - Using 'UTF-8' encoding to copy filtered resources.
2023-06-07 18:38:57,037 [Worker-17: Building] INFO  o.e.m.c.i.embedder.EclipseLogger - skip non existing resourceDirectory E:\Automation\PageObjectModelPractice\PageObjectTest\src\test\resources
2023-06-07 18:40:08,510 [Worker-17: Enabling Maven Dependency Management] INFO  o.e.m.c.i.l.LifecycleMappingFactory - Using org.eclipse.m2e.jdt.JarLifecycleMapping lifecycle mapping for MavenProject: PageObjectModelTest:PageObjectModelTest:0.0.1-SNAPSHOT @ E:\Automation\PageObjectModelPractice\PageObjectModelTest\pom.xml.
2023-06-07 18:40:09,367 [Worker-17: Enabling Maven Dependency Management] INFO  o.e.m.j.i.AbstractJavaProjectConfigurator - Adding source folder /PageObjectModelTest/src
2023-06-07 18:40:09,370 [Worker-17: Enabling Maven Dependency Management] INFO  o.e.m.j.i.AbstractJavaProjectConfigurator - Not adding source folder /PageObjectModelTest/src/test/java because it overlaps with /PageObjectModelTest/src
2023-06-07 18:40:09,544 [Worker-17: Enabling Maven Dependency Management] INFO  o.e.m.c.i.p.ProjectConfigurationManager - Update started
2023-06-07 18:40:10,065 [Worker-17: Enabling Maven Dependency Management] INFO  o.e.m.c.i.l.LifecycleMappingFactory - Using org.eclipse.m2e.jdt.JarLifecycleMapping lifecycle mapping for MavenProject: PageObjectModelTest:PageObjectModelTest:0.0.1-SNAPSHOT @ E:\Automation\PageObjectModelPractice\PageObjectModelTest\pom.xml.
2023-06-07 18:40:10,404 [Worker-17: Enabling Maven Dependency Management] INFO  o.e.m.j.i.AbstractJavaProjectConfigurator - Adding source folder /PageObjectModelTest/src
2023-06-07 18:40:10,405 [Worker-17: Enabling Maven Dependency Management] INFO  o.e.m.j.i.AbstractJavaProjectConfigurator - Not adding source folder /PageObjectModelTest/src/test/java because it overlaps with /PageObjectModelTest/src
2023-06-07 18:40:10,463 [Worker-17: Enabling Maven Dependency Management] INFO  o.e.m.c.i.p.ProjectConfigurationManager - Update completed for 1 poms: local refresh takes 0.00 sec, refresh facades takes 0.00 sec, update config takes 0.00 sec 
2023-06-07 18:40:10,780 [Worker-17: Building] WARN  o.e.m.c.i.embedder.EclipseLogger - Using platform encoding (Cp1252 actually) to copy filtered resources, i.e. build is platform dependent!
2023-06-07 18:40:10,782 [Worker-17: Building] INFO  o.e.m.c.i.embedder.EclipseLogger - skip non existing resourceDirectory E:\Automation\PageObjectModelPractice\PageObjectModelTest\src\main\resources
2023-06-07 18:40:10,786 [Worker-17: Building] WARN  o.e.m.c.i.embedder.EclipseLogger - Using platform encoding (Cp1252 actually) to copy filtered resources, i.e. build is platform dependent!
2023-06-07 18:40:10,787 [Worker-17: Building] INFO  o.e.m.c.i.embedder.EclipseLogger - skip non existing resourceDirectory E:\Automation\PageObjectModelPractice\PageObjectModelTest\src\test\resources
2023-06-07 18:40:18,698 [Worker-17: Building] WARN  o.e.m.c.i.embedder.EclipseLogger - Using platform encoding (Cp1252 actually) to copy filtered resources, i.e. build is platform dependent!
2023-06-07 18:40:18,699 [Worker-17: Building] INFO  o.e.m.c.i.embedder.EclipseLogger - skip non existing resourceDirectory E:\Automation\PageObjectModelPractice\PageObjectModelTest\src\main\resources
2023-06-07 18:40:18,703 [Worker-17: Building] WARN  o.e.m.c.i.embedder.EclipseLogger - Using platform encoding (Cp1252 actually) to copy filtered resources, i.e. build is platform dependent!
2023-06-07 18:40:18,706 [Worker-17: Building] INFO  o.e.m.c.i.embedder.EclipseLogger - skip non existing resourceDirectory E:\Automation\PageObjectModelPractice\PageObjectModelTest\src\test\resources
2023-06-07 18:40:33,478 [Worker-16: Building] WARN  o.e.m.c.i.embedder.EclipseLogger - Using platform encoding (Cp1252 actually) to copy filtered resources, i.e. build is platform dependent!
2023-06-07 18:40:33,479 [Worker-16: Building] INFO  o.e.m.c.i.embedder.EclipseLogger - skip non existing resourceDirectory E:\Automation\PageObjectModelPractice\PageObjectModelTest\src\main\resources
2023-06-07 18:40:33,486 [Worker-16: Building] WARN  o.e.m.c.i.embedder.EclipseLogger - Using platform encoding (Cp1252 actually) to copy filtered resources, i.e. build is platform dependent!
2023-06-07 18:40:33,487 [Worker-16: Building] INFO  o.e.m.c.i.embedder.EclipseLogger - skip non existing resourceDirectory E:\Automation\PageObjectModelPractice\PageObjectModelTest\src\test\resources
2023-06-07 18:40:57,081 [Worker-18: Building] WARN  o.e.m.c.i.embedder.EclipseLogger - Using platform encoding (Cp1252 actually) to copy filtered resources, i.e. build is platform dependent!
2023-06-07 18:40:57,082 [Worker-18: Building] INFO  o.e.m.c.i.embedder.EclipseLogger - skip non existing resourceDirectory E:\Automation\PageObjectModelPractice\PageObjectModelTest\src\main\resources
2023-06-07 18:40:57,086 [Worker-18: Building] WARN  o.e.m.c.i.embedder.EclipseLogger - Using platform encoding (Cp1252 actually) to copy filtered resources, i.e. build is platform dependent!
2023-06-07 18:40:57,088 [Worker-18: Building] INFO  o.e.m.c.i.embedder.EclipseLogger - skip non existing resourceDirectory E:\Automation\PageObjectModelPractice\PageObjectModelTest\src\test\resources
2023-06-07 18:40:58,111 [Worker-2: Building] WARN  o.e.m.c.i.embedder.EclipseLogger - Using platform encoding (Cp1252 actually) to copy filtered resources, i.e. build is platform dependent!
2023-06-07 18:40:58,112 [Worker-2: Building] INFO  o.e.m.c.i.embedder.EclipseLogger - skip non existing resourceDirectory E:\Automation\PageObjectModelPractice\PageObjectModelTest\src\main\resources
2023-06-07 18:40:58,116 [Worker-2: Building] WARN  o.e.m.c.i.embedder.EclipseLogger - Using platform encoding (Cp1252 actually) to copy filtered resources, i.e. build is platform dependent!
2023-06-07 18:40:58,117 [Worker-2: Building] INFO  o.e.m.c.i.embedder.EclipseLogger - skip non existing resourceDirectory E:\Automation\PageObjectModelPractice\PageObjectModelTest\src\test\resources
2023-06-07 18:41:35,727 [Worker-2: Building] WARN  o.e.m.c.i.embedder.EclipseLogger - Using platform encoding (Cp1252 actually) to copy filtered resources, i.e. build is platform dependent!
2023-06-07 18:41:35,728 [Worker-2: Building] INFO  o.e.m.c.i.embedder.EclipseLogger - skip non existing resourceDirectory E:\Automation\PageObjectModelPractice\PageObjectModelTest\src\main\resources
2023-06-07 18:41:35,733 [Worker-2: Building] WARN  o.e.m.c.i.embedder.EclipseLogger - Using platform encoding (Cp1252 actually) to copy filtered resources, i.e. build is platform dependent!
2023-06-07 18:41:35,737 [Worker-2: Building] INFO  o.e.m.c.i.embedder.EclipseLogger - skip non existing resourceDirectory E:\Automation\PageObjectModelPractice\PageObjectModelTest\src\test\resources
2023-06-07 18:41:53,021 [Worker-2: Building] WARN  o.e.m.c.i.embedder.EclipseLogger - Using platform encoding (Cp1252 actually) to copy filtered resources, i.e. build is platform dependent!
2023-06-07 18:41:53,022 [Worker-2: Building] INFO  o.e.m.c.i.embedder.EclipseLogger - skip non existing resourceDirectory E:\Automation\PageObjectModelPractice\PageObjectModelTest\src\main\resources
2023-06-07 18:41:53,026 [Worker-2: Building] WARN  o.e.m.c.i.embedder.EclipseLogger - Using platform encoding (Cp1252 actually) to copy filtered resources, i.e. build is platform dependent!
2023-06-07 18:41:53,027 [Worker-2: Building] INFO  o.e.m.c.i.embedder.EclipseLogger - skip non existing resourceDirectory E:\Automation\PageObjectModelPractice\PageObjectModelTest\src\test\resources
2023-06-07 18:42:02,136 [Worker-13: Building] WARN  o.e.m.c.i.embedder.EclipseLogger - Using platform encoding (Cp1252 actually) to copy filtered resources, i.e. build is platform dependent!
2023-06-07 18:42:02,137 [Worker-13: Building] INFO  o.e.m.c.i.embedder.EclipseLogger - skip non existing resourceDirectory E:\Automation\PageObjectModelPractice\PageObjectModelTest\src\main\resources
2023-06-07 18:42:02,146 [Worker-13: Building] WARN  o.e.m.c.i.embedder.EclipseLogger - Using platform encoding (Cp1252 actually) to copy filtered resources, i.e. build is platform dependent!
2023-06-07 18:42:02,147 [Worker-13: Building] INFO  o.e.m.c.i.embedder.EclipseLogger - skip non existing resourceDirectory E:\Automation\PageObjectModelPractice\PageObjectModelTest\src\test\resources
2023-06-07 18:53:19,342 [Worker-22: Building] WARN  o.e.m.c.i.embedder.EclipseLogger - Using platform encoding (Cp1252 actually) to copy filtered resources, i.e. build is platform dependent!
2023-06-07 18:53:19,354 [Worker-22: Building] INFO  o.e.m.c.i.embedder.EclipseLogger - skip non existing resourceDirectory E:\Automation\PageObjectModelPractice\PageObjectModelTest\src\main\resources
2023-06-07 18:53:19,356 [Worker-22: Building] WARN  o.e.m.c.i.embedder.EclipseLogger - Using platform encoding (Cp1252 actually) to copy filtered resources, i.e. build is platform dependent!
2023-06-07 18:53:19,357 [Worker-22: Building] INFO  o.e.m.c.i.embedder.EclipseLogger - skip non existing resourceDirectory E:\Automation\PageObjectModelPractice\PageObjectModelTest\src\test\resources
2023-06-07 18:54:01,718 [Worker-24: Building] WARN  o.e.m.c.i.embedder.EclipseLogger - Using platform encoding (Cp1252 actually) to copy filtered resources, i.e. build is platform dependent!
2023-06-07 18:54:01,720 [Worker-24: Building] INFO  o.e.m.c.i.embedder.EclipseLogger - skip non existing resourceDirectory E:\Automation\PageObjectModelPractice\PageObjectModelTest\src\main\resources
2023-06-07 18:54:01,723 [Worker-24: Building] WARN  o.e.m.c.i.embedder.EclipseLogger - Using platform encoding (Cp1252 actually) to copy filtered resources, i.e. build is platform dependent!
2023-06-07 18:54:01,724 [Worker-24: Building] INFO  o.e.m.c.i.embedder.EclipseLogger - skip non existing resourceDirectory E:\Automation\PageObjectModelPractice\PageObjectModelTest\src\test\resources
2023-06-07 18:54:29,059 [Worker-21: Building] WARN  o.e.m.c.i.embedder.EclipseLogger - Using platform encoding (Cp1252 actually) to copy filtered resources, i.e. build is platform dependent!
2023-06-07 18:54:29,061 [Worker-21: Building] INFO  o.e.m.c.i.embedder.EclipseLogger - skip non existing resourceDirectory E:\Automation\PageObjectModelPractice\PageObjectModelTest\src\main\resources
2023-06-07 18:54:29,064 [Worker-21: Building] WARN  o.e.m.c.i.embedder.EclipseLogger - Using platform encoding (Cp1252 actually) to copy filtered resources, i.e. build is platform dependent!
2023-06-07 18:54:29,065 [Worker-21: Building] INFO  o.e.m.c.i.embedder.EclipseLogger - skip non existing resourceDirectory E:\Automation\PageObjectModelPractice\PageObjectModelTest\src\test\resources
2023-06-07 18:56:12,348 [Worker-24: Building] WARN  o.e.m.c.i.embedder.EclipseLogger - Using platform encoding (Cp1252 actually) to copy filtered resources, i.e. build is platform dependent!
2023-06-07 18:56:12,353 [Worker-24: Building] INFO  o.e.m.c.i.embedder.EclipseLogger - skip non existing resourceDirectory E:\Automation\PageObjectModelPractice\PageObjectModelTest\src\main\resources
2023-06-07 18:56:12,356 [Worker-24: Building] WARN  o.e.m.c.i.embedder.EclipseLogger - Using platform encoding (Cp1252 actually) to copy filtered resources, i.e. build is platform dependent!
2023-06-07 18:56:12,357 [Worker-24: Building] INFO  o.e.m.c.i.embedder.EclipseLogger - skip non existing resourceDirectory E:\Automation\PageObjectModelPractice\PageObjectModelTest\src\test\resources
2023-06-07 18:57:11,346 [Worker-24: Building] WARN  o.e.m.c.i.embedder.EclipseLogger - Using platform encoding (Cp1252 actually) to copy filtered resources, i.e. build is platform dependent!
2023-06-07 18:57:11,348 [Worker-24: Building] INFO  o.e.m.c.i.embedder.EclipseLogger - skip non existing resourceDirectory E:\Automation\PageObjectModelPractice\PageObjectModelTest\src\main\resources
2023-06-07 18:57:11,351 [Worker-24: Building] WARN  o.e.m.c.i.embedder.EclipseLogger - Using platform encoding (Cp1252 actually) to copy filtered resources, i.e. build is platform dependent!
2023-06-07 18:57:11,352 [Worker-24: Building] INFO  o.e.m.c.i.embedder.EclipseLogger - skip non existing resourceDirectory E:\Automation\PageObjectModelPractice\PageObjectModelTest\src\test\resources
2023-06-07 18:57:25,120 [Worker-24: Building] WARN  o.e.m.c.i.embedder.EclipseLogger - Using platform encoding (Cp1252 actually) to copy filtered resources, i.e. build is platform dependent!
2023-06-07 18:57:25,121 [Worker-24: Building] INFO  o.e.m.c.i.embedder.EclipseLogger - skip non existing resourceDirectory E:\Automation\PageObjectModelPractice\PageObjectModelTest\src\main\resources
2023-06-07 18:57:25,125 [Worker-24: Building] WARN  o.e.m.c.i.embedder.EclipseLogger - Using platform encoding (Cp1252 actually) to copy filtered resources, i.e. build is platform dependent!
2023-06-07 18:57:25,125 [Worker-24: Building] INFO  o.e.m.c.i.embedder.EclipseLogger - skip non existing resourceDirectory E:\Automation\PageObjectModelPractice\PageObjectModelTest\src\test\resources
2023-06-07 18:57:38,735 [Worker-22: Building] WARN  o.e.m.c.i.embedder.EclipseLogger - Using platform encoding (Cp1252 actually) to copy filtered resources, i.e. build is platform dependent!
2023-06-07 18:57:38,737 [Worker-22: Building] INFO  o.e.m.c.i.embedder.EclipseLogger - skip non existing resourceDirectory E:\Automation\PageObjectModelPractice\PageObjectModelTest\src\main\resources
2023-06-07 18:57:38,742 [Worker-22: Building] WARN  o.e.m.c.i.embedder.EclipseLogger - Using platform encoding (Cp1252 actually) to copy filtered resources, i.e. build is platform dependent!
2023-06-07 18:57:38,743 [Worker-22: Building] INFO  o.e.m.c.i.embedder.EclipseLogger - skip non existing resourceDirectory E:\Automation\PageObjectModelPractice\PageObjectModelTest\src\test\resources
2023-06-07 18:57:50,551 [Worker-22: Building] WARN  o.e.m.c.i.embedder.EclipseLogger - Using platform encoding (Cp1252 actually) to copy filtered resources, i.e. build is platform dependent!
2023-06-07 18:57:50,552 [Worker-22: Building] INFO  o.e.m.c.i.embedder.EclipseLogger - skip non existing resourceDirectory E:\Automation\PageObjectModelPractice\PageObjectModelTest\src\main\resources
2023-06-07 18:57:50,558 [Worker-22: Building] WARN  o.e.m.c.i.embedder.EclipseLogger - Using platform encoding (Cp1252 actually) to copy filtered resources, i.e. build is platform dependent!
2023-06-07 18:57:50,559 [Worker-22: Building] INFO  o.e.m.c.i.embedder.EclipseLogger - skip non existing resourceDirectory E:\Automation\PageObjectModelPractice\PageObjectModelTest\src\test\resources
2023-06-07 19:03:41,548 [Worker-26: Building] WARN  o.e.m.c.i.embedder.EclipseLogger - Using platform encoding (Cp1252 actually) to copy filtered resources, i.e. build is platform dependent!
2023-06-07 19:03:41,554 [Worker-26: Building] INFO  o.e.m.c.i.embedder.EclipseLogger - skip non existing resourceDirectory E:\Automation\PageObjectModelPractice\PageObjectModelTest\src\main\resources
2023-06-07 19:03:41,562 [Worker-26: Building] WARN  o.e.m.c.i.embedder.EclipseLogger - Using platform encoding (Cp1252 actually) to copy filtered resources, i.e. build is platform dependent!
2023-06-07 19:03:41,565 [Worker-26: Building] INFO  o.e.m.c.i.embedder.EclipseLogger - skip non existing resourceDirectory E:\Automation\PageObjectModelPractice\PageObjectModelTest\src\test\resources
2023-06-07 19:04:14,550 [Worker-27: Building] WARN  o.e.m.c.i.embedder.EclipseLogger - Using platform encoding (Cp1252 actually) to copy filtered resources, i.e. build is platform dependent!
2023-06-07 19:04:14,552 [Worker-27: Building] INFO  o.e.m.c.i.embedder.EclipseLogger - skip non existing resourceDirectory E:\Automation\PageObjectModelPractice\PageObjectModelTest\src\main\resources
2023-06-07 19:04:14,556 [Worker-27: Building] WARN  o.e.m.c.i.embedder.EclipseLogger - Using platform encoding (Cp1252 actually) to copy filtered resources, i.e. build is platform dependent!
2023-06-07 19:04:14,557 [Worker-27: Building] INFO  o.e.m.c.i.embedder.EclipseLogger - skip non existing resourceDirectory E:\Automation\PageObjectModelPractice\PageObjectModelTest\src\test\resources
2023-06-07 19:04:38,973 [Worker-26: Building] WARN  o.e.m.c.i.embedder.EclipseLogger - Using platform encoding (Cp1252 actually) to copy filtered resources, i.e. build is platform dependent!
2023-06-07 19:04:38,974 [Worker-26: Building] INFO  o.e.m.c.i.embedder.EclipseLogger - skip non existing resourceDirectory E:\Automation\PageObjectModelPractice\PageObjectModelTest\src\main\resources
2023-06-07 19:04:38,979 [Worker-26: Building] WARN  o.e.m.c.i.embedder.EclipseLogger - Using platform encoding (Cp1252 actually) to copy filtered resources, i.e. build is platform dependent!
2023-06-07 19:04:38,981 [Worker-26: Building] INFO  o.e.m.c.i.embedder.EclipseLogger - skip non existing resourceDirectory E:\Automation\PageObjectModelPractice\PageObjectModelTest\src\test\resources
2023-06-07 19:05:22,588 [Worker-26: Building] WARN  o.e.m.c.i.embedder.EclipseLogger - Using platform encoding (Cp1252 actually) to copy filtered resources, i.e. build is platform dependent!
2023-06-07 19:05:22,589 [Worker-26: Building] INFO  o.e.m.c.i.embedder.EclipseLogger - skip non existing resourceDirectory E:\Automation\PageObjectModelPractice\PageObjectModelTest\src\main\resources
2023-06-07 19:05:22,595 [Worker-26: Building] WARN  o.e.m.c.i.embedder.EclipseLogger - Using platform encoding (Cp1252 actually) to copy filtered resources, i.e. build is platform dependent!
2023-06-07 19:05:22,596 [Worker-26: Building] INFO  o.e.m.c.i.embedder.EclipseLogger - skip non existing resourceDirectory E:\Automation\PageObjectModelPractice\PageObjectModelTest\src\test\resources
2023-06-07 19:05:44,154 [Worker-28: Building] WARN  o.e.m.c.i.embedder.EclipseLogger - Using platform encoding (Cp1252 actually) to copy filtered resources, i.e. build is platform dependent!
2023-06-07 19:05:44,155 [Worker-28: Building] INFO  o.e.m.c.i.embedder.EclipseLogger - skip non existing resourceDirectory E:\Automation\PageObjectModelPractice\PageObjectModelTest\src\main\resources
2023-06-07 19:05:44,159 [Worker-28: Building] WARN  o.e.m.c.i.embedder.EclipseLogger - Using platform encoding (Cp1252 actually) to copy filtered resources, i.e. build is platform dependent!
2023-06-07 19:05:44,160 [Worker-28: Building] INFO  o.e.m.c.i.embedder.EclipseLogger - skip non existing resourceDirectory E:\Automation\PageObjectModelPractice\PageObjectModelTest\src\test\resources
2023-06-07 19:06:37,768 [Worker-27: Building] WARN  o.e.m.c.i.embedder.EclipseLogger - Using platform encoding (Cp1252 actually) to copy filtered resources, i.e. build is platform dependent!
2023-06-07 19:06:37,769 [Worker-27: Building] INFO  o.e.m.c.i.embedder.EclipseLogger - skip non existing resourceDirectory E:\Automation\PageObjectModelPractice\PageObjectModelTest\src\main\resources
2023-06-07 19:06:37,774 [Worker-27: Building] WARN  o.e.m.c.i.embedder.EclipseLogger - Using platform encoding (Cp1252 actually) to copy filtered resources, i.e. build is platform dependent!
2023-06-07 19:06:37,775 [Worker-27: Building] INFO  o.e.m.c.i.embedder.EclipseLogger - skip non existing resourceDirectory E:\Automation\PageObjectModelPractice\PageObjectModelTest\src\test\resources
2023-06-07 19:07:36,568 [Worker-23: Building] WARN  o.e.m.c.i.embedder.EclipseLogger - Using platform encoding (Cp1252 actually) to copy filtered resources, i.e. build is platform dependent!
2023-06-07 19:07:36,592 [Worker-23: Building] INFO  o.e.m.c.i.embedder.EclipseLogger - skip non existing resourceDirectory E:\Automation\PageObjectModelPractice\PageObjectModelTest\src\main\resources
2023-06-07 19:07:36,595 [Worker-23: Building] WARN  o.e.m.c.i.embedder.EclipseLogger - Using platform encoding (Cp1252 actually) to copy filtered resources, i.e. build is platform dependent!
2023-06-07 19:07:36,597 [Worker-23: Building] INFO  o.e.m.c.i.embedder.EclipseLogger - skip non existing resourceDirectory E:\Automation\PageObjectModelPractice\PageObjectModelTest\src\test\resources
2023-06-07 19:07:47,384 [Worker-23: Building] WARN  o.e.m.c.i.embedder.EclipseLogger - Using platform encoding (Cp1252 actually) to copy filtered resources, i.e. build is platform dependent!
2023-06-07 19:07:47,386 [Worker-23: Building] INFO  o.e.m.c.i.embedder.EclipseLogger - skip non existing resourceDirectory E:\Automation\PageObjectModelPractice\PageObjectModelTest\src\main\resources
2023-06-07 19:07:47,411 [Worker-23: Building] WARN  o.e.m.c.i.embedder.EclipseLogger - Using platform encoding (Cp1252 actually) to copy filtered resources, i.e. build is platform dependent!
2023-06-07 19:07:47,412 [Worker-23: Building] INFO  o.e.m.c.i.embedder.EclipseLogger - skip non existing resourceDirectory E:\Automation\PageObjectModelPractice\PageObjectModelTest\src\test\resources
2023-06-07 19:08:40,294 [Worker-30: Building] WARN  o.e.m.c.i.embedder.EclipseLogger - Using platform encoding (Cp1252 actually) to copy filtered resources, i.e. build is platform dependent!
2023-06-07 19:08:40,296 [Worker-30: Building] INFO  o.e.m.c.i.embedder.EclipseLogger - skip non existing resourceDirectory E:\Automation\PageObjectModelPractice\PageObjectModelTest\src\main\resources
2023-06-07 19:08:40,303 [Worker-30: Building] WARN  o.e.m.c.i.embedder.EclipseLogger - Using platform encoding (Cp1252 actually) to copy filtered resources, i.e. build is platform dependent!
2023-06-07 19:08:40,305 [Worker-30: Building] INFO  o.e.m.c.i.embedder.EclipseLogger - skip non existing resourceDirectory E:\Automation\PageObjectModelPractice\PageObjectModelTest\src\test\resources
2023-06-07 19:09:33,768 [Worker-26: Building] WARN  o.e.m.c.i.embedder.EclipseLogger - Using platform encoding (Cp1252 actually) to copy filtered resources, i.e. build is platform dependent!
2023-06-07 19:09:33,769 [Worker-26: Building] INFO  o.e.m.c.i.embedder.EclipseLogger - skip non existing resourceDirectory E:\Automation\PageObjectModelPractice\PageObjectModelTest\src\main\resources
2023-06-07 19:09:33,772 [Worker-26: Building] WARN  o.e.m.c.i.embedder.EclipseLogger - Using platform encoding (Cp1252 actually) to copy filtered resources, i.e. build is platform dependent!
2023-06-07 19:09:33,773 [Worker-26: Building] INFO  o.e.m.c.i.embedder.EclipseLogger - skip non existing resourceDirectory E:\Automation\PageObjectModelPractice\PageObjectModelTest\src\test\resources
2023-06-07 19:09:52,028 [Worker-26: Building] WARN  o.e.m.c.i.embedder.EclipseLogger - Using platform encoding (Cp1252 actually) to copy filtered resources, i.e. build is platform dependent!
2023-06-07 19:09:52,029 [Worker-26: Building] INFO  o.e.m.c.i.embedder.EclipseLogger - skip non existing resourceDirectory E:\Automation\PageObjectModelPractice\PageObjectModelTest\src\main\resources
2023-06-07 19:09:52,033 [Worker-26: Building] WARN  o.e.m.c.i.embedder.EclipseLogger - Using platform encoding (Cp1252 actually) to copy filtered resources, i.e. build is platform dependent!
2023-06-07 19:09:52,034 [Worker-26: Building] INFO  o.e.m.c.i.embedder.EclipseLogger - skip non existing resourceDirectory E:\Automation\PageObjectModelPractice\PageObjectModelTest\src\test\resources
2023-06-07 19:10:06,186 [Worker-29: Building] WARN  o.e.m.c.i.embedder.EclipseLogger - Using platform encoding (Cp1252 actually) to copy filtered resources, i.e. build is platform dependent!
2023-06-07 19:10:06,187 [Worker-29: Building] INFO  o.e.m.c.i.embedder.EclipseLogger - skip non existing resourceDirectory E:\Automation\PageObjectModelPractice\PageObjectModelTest\src\main\resources
2023-06-07 19:10:06,190 [Worker-29: Building] WARN  o.e.m.c.i.embedder.EclipseLogger - Using platform encoding (Cp1252 actually) to copy filtered resources, i.e. build is platform dependent!
2023-06-07 19:10:06,191 [Worker-29: Building] INFO  o.e.m.c.i.embedder.EclipseLogger - skip non existing resourceDirectory E:\Automation\PageObjectModelPractice\PageObjectModelTest\src\test\resources
2023-06-07 19:10:55,812 [Worker-31: Building] WARN  o.e.m.c.i.embedder.EclipseLogger - Using platform encoding (Cp1252 actually) to copy filtered resources, i.e. build is platform dependent!
2023-06-07 19:10:55,813 [Worker-31: Building] INFO  o.e.m.c.i.embedder.EclipseLogger - skip non existing resourceDirectory E:\Automation\PageObjectModelPractice\PageObjectModelTest\src\main\resources
2023-06-07 19:10:55,817 [Worker-31: Building] WARN  o.e.m.c.i.embedder.EclipseLogger - Using platform encoding (Cp1252 actually) to copy filtered resources, i.e. build is platform dependent!
2023-06-07 19:10:55,818 [Worker-31: Building] INFO  o.e.m.c.i.embedder.EclipseLogger - skip non existing resourceDirectory E:\Automation\PageObjectModelPractice\PageObjectModelTest\src\test\resources
2023-06-07 19:12:16,368 [Worker-30: Building] WARN  o.e.m.c.i.embedder.EclipseLogger - Using platform encoding (Cp1252 actually) to copy filtered resources, i.e. build is platform dependent!
2023-06-07 19:12:16,369 [Worker-30: Building] INFO  o.e.m.c.i.embedder.EclipseLogger - skip non existing resourceDirectory E:\Automation\PageObjectModelPractice\PageObjectModelTest\src\main\resources
2023-06-07 19:12:16,372 [Worker-30: Building] WARN  o.e.m.c.i.embedder.EclipseLogger - Using platform encoding (Cp1252 actually) to copy filtered resources, i.e. build is platform dependent!
2023-06-07 19:12:16,373 [Worker-30: Building] INFO  o.e.m.c.i.embedder.EclipseLogger - skip non existing resourceDirectory E:\Automation\PageObjectModelPractice\PageObjectModelTest\src\test\resources
2023-06-07 19:12:39,643 [Worker-33: Building] WARN  o.e.m.c.i.embedder.EclipseLogger - Using platform encoding (Cp1252 actually) to copy filtered resources, i.e. build is platform dependent!
2023-06-07 19:12:39,645 [Worker-33: Building] INFO  o.e.m.c.i.embedder.EclipseLogger - skip non existing resourceDirectory E:\Automation\PageObjectModelPractice\PageObjectModelTest\src\main\resources
2023-06-07 19:12:39,647 [Worker-33: Building] WARN  o.e.m.c.i.embedder.EclipseLogger - Using platform encoding (Cp1252 actually) to copy filtered resources, i.e. build is platform dependent!
2023-06-07 19:12:39,648 [Worker-33: Building] INFO  o.e.m.c.i.embedder.EclipseLogger - skip non existing resourceDirectory E:\Automation\PageObjectModelPractice\PageObjectModelTest\src\test\resources
2023-06-07 19:14:15,934 [Worker-34: Building] WARN  o.e.m.c.i.embedder.EclipseLogger - Using platform encoding (Cp1252 actually) to copy filtered resources, i.e. build is platform dependent!
2023-06-07 19:14:15,935 [Worker-34: Building] INFO  o.e.m.c.i.embedder.EclipseLogger - skip non existing resourceDirectory E:\Automation\PageObjectModelPractice\PageObjectModelTest\src\main\resources
2023-06-07 19:14:15,938 [Worker-34: Building] WARN  o.e.m.c.i.embedder.EclipseLogger - Using platform encoding (Cp1252 actually) to copy filtered resources, i.e. build is platform dependent!
2023-06-07 19:14:15,939 [Worker-34: Building] INFO  o.e.m.c.i.embedder.EclipseLogger - skip non existing resourceDirectory E:\Automation\PageObjectModelPractice\PageObjectModelTest\src\test\resources
2023-06-07 19:14:31,486 [Worker-34: Building] WARN  o.e.m.c.i.embedder.EclipseLogger - Using platform encoding (Cp1252 actually) to copy filtered resources, i.e. build is platform dependent!
2023-06-07 19:14:31,487 [Worker-34: Building] INFO  o.e.m.c.i.embedder.EclipseLogger - skip non existing resourceDirectory E:\Automation\PageObjectModelPractice\PageObjectModelTest\src\main\resources
2023-06-07 19:14:31,492 [Worker-34: Building] WARN  o.e.m.c.i.embedder.EclipseLogger - Using platform encoding (Cp1252 actually) to copy filtered resources, i.e. build is platform dependent!
2023-06-07 19:14:31,493 [Worker-34: Building] INFO  o.e.m.c.i.embedder.EclipseLogger - skip non existing resourceDirectory E:\Automation\PageObjectModelPractice\PageObjectModelTest\src\test\resources
2023-06-07 19:14:46,777 [Worker-35: Building] WARN  o.e.m.c.i.embedder.EclipseLogger - Using platform encoding (Cp1252 actually) to copy filtered resources, i.e. build is platform dependent!
2023-06-07 19:14:46,779 [Worker-35: Building] INFO  o.e.m.c.i.embedder.EclipseLogger - skip non existing resourceDirectory E:\Automation\PageObjectModelPractice\PageObjectModelTest\src\main\resources
2023-06-07 19:14:46,782 [Worker-35: Building] WARN  o.e.m.c.i.embedder.EclipseLogger - Using platform encoding (Cp1252 actually) to copy filtered resources, i.e. build is platform dependent!
2023-06-07 19:14:46,783 [Worker-35: Building] INFO  o.e.m.c.i.embedder.EclipseLogger - skip non existing resourceDirectory E:\Automation\PageObjectModelPractice\PageObjectModelTest\src\test\resources
2023-06-07 19:14:51,531 [Worker-33: Building] WARN  o.e.m.c.i.embedder.EclipseLogger - Using platform encoding (Cp1252 actually) to copy filtered resources, i.e. build is platform dependent!
2023-06-07 19:14:51,532 [Worker-33: Building] INFO  o.e.m.c.i.embedder.EclipseLogger - skip non existing resourceDirectory E:\Automation\PageObjectModelPractice\PageObjectModelTest\src\main\resources
2023-06-07 19:14:51,535 [Worker-33: Building] WARN  o.e.m.c.i.embedder.EclipseLogger - Using platform encoding (Cp1252 actually) to copy filtered resources, i.e. build is platform dependent!
2023-06-07 19:14:51,537 [Worker-33: Building] INFO  o.e.m.c.i.embedder.EclipseLogger - skip non existing resourceDirectory E:\Automation\PageObjectModelPractice\PageObjectModelTest\src\test\resources
2023-06-07 19:15:01,412 [Worker-24: Building] WARN  o.e.m.c.i.embedder.EclipseLogger - Using platform encoding (Cp1252 actually) to copy filtered resources, i.e. build is platform dependent!
2023-06-07 19:15:01,413 [Worker-24: Building] INFO  o.e.m.c.i.embedder.EclipseLogger - skip non existing resourceDirectory E:\Automation\PageObjectModelPractice\PageObjectModelTest\src\main\resources
2023-06-07 19:15:01,417 [Worker-24: Building] WARN  o.e.m.c.i.embedder.EclipseLogger - Using platform encoding (Cp1252 actually) to copy filtered resources, i.e. build is platform dependent!
2023-06-07 19:15:01,418 [Worker-24: Building] INFO  o.e.m.c.i.embedder.EclipseLogger - skip non existing resourceDirectory E:\Automation\PageObjectModelPractice\PageObjectModelTest\src\test\resources
2023-06-07 19:15:32,828 [Worker-33: Building] WARN  o.e.m.c.i.embedder.EclipseLogger - Using platform encoding (Cp1252 actually) to copy filtered resources, i.e. build is platform dependent!
2023-06-07 19:15:32,829 [Worker-33: Building] INFO  o.e.m.c.i.embedder.EclipseLogger - skip non existing resourceDirectory E:\Automation\PageObjectModelPractice\PageObjectModelTest\src\main\resources
2023-06-07 19:15:32,832 [Worker-33: Building] WARN  o.e.m.c.i.embedder.EclipseLogger - Using platform encoding (Cp1252 actually) to copy filtered resources, i.e. build is platform dependent!
2023-06-07 19:15:32,833 [Worker-33: Building] INFO  o.e.m.c.i.embedder.EclipseLogger - skip non existing resourceDirectory E:\Automation\PageObjectModelPractice\PageObjectModelTest\src\test\resources
2023-06-07 19:15:43,396 [Worker-33: Building] WARN  o.e.m.c.i.embedder.EclipseLogger - Using platform encoding (Cp1252 actually) to copy filtered resources, i.e. build is platform dependent!
2023-06-07 19:15:43,397 [Worker-33: Building] INFO  o.e.m.c.i.embedder.EclipseLogger - skip non existing resourceDirectory E:\Automation\PageObjectModelPractice\PageObjectModelTest\src\main\resources
2023-06-07 19:15:43,399 [Worker-33: Building] WARN  o.e.m.c.i.embedder.EclipseLogger - Using platform encoding (Cp1252 actually) to copy filtered resources, i.e. build is platform dependent!
2023-06-07 19:15:43,400 [Worker-33: Building] INFO  o.e.m.c.i.embedder.EclipseLogger - skip non existing resourceDirectory E:\Automation\PageObjectModelPractice\PageObjectModelTest\src\test\resources
2023-06-07 19:17:41,783 [Worker-35: Building] WARN  o.e.m.c.i.embedder.EclipseLogger - Using platform encoding (Cp1252 actually) to copy filtered resources, i.e. build is platform dependent!
2023-06-07 19:17:41,784 [Worker-35: Building] INFO  o.e.m.c.i.embedder.EclipseLogger - skip non existing resourceDirectory E:\Automation\PageObjectModelPractice\PageObjectModelTest\src\main\resources
2023-06-07 19:17:41,786 [Worker-35: Building] WARN  o.e.m.c.i.embedder.EclipseLogger - Using platform encoding (Cp1252 actually) to copy filtered resources, i.e. build is platform dependent!
2023-06-07 19:17:41,787 [Worker-35: Building] INFO  o.e.m.c.i.embedder.EclipseLogger - skip non existing resourceDirectory E:\Automation\PageObjectModelPractice\PageObjectModelTest\src\test\resources
2023-06-07 19:17:55,140 [Worker-24: Building] WARN  o.e.m.c.i.embedder.EclipseLogger - Using platform encoding (Cp1252 actually) to copy filtered resources, i.e. build is platform dependent!
2023-06-07 19:17:55,141 [Worker-24: Building] INFO  o.e.m.c.i.embedder.EclipseLogger - skip non existing resourceDirectory E:\Automation\PageObjectModelPractice\PageObjectModelTest\src\main\resources
2023-06-07 19:17:55,144 [Worker-24: Building] WARN  o.e.m.c.i.embedder.EclipseLogger - Using platform encoding (Cp1252 actually) to copy filtered resources, i.e. build is platform dependent!
2023-06-07 19:17:55,145 [Worker-24: Building] INFO  o.e.m.c.i.embedder.EclipseLogger - skip non existing resourceDirectory E:\Automation\PageObjectModelPractice\PageObjectModelTest\src\test\resources
2023-06-07 19:18:30,698 [Worker-34: Building] WARN  o.e.m.c.i.embedder.EclipseLogger - Using platform encoding (Cp1252 actually) to copy filtered resources, i.e. build is platform dependent!
2023-06-07 19:18:30,700 [Worker-34: Building] INFO  o.e.m.c.i.embedder.EclipseLogger - skip non existing resourceDirectory E:\Automation\PageObjectModelPractice\PageObjectModelTest\src\main\resources
2023-06-07 19:18:30,703 [Worker-34: Building] WARN  o.e.m.c.i.embedder.EclipseLogger - Using platform encoding (Cp1252 actually) to copy filtered resources, i.e. build is platform dependent!
2023-06-07 19:18:30,705 [Worker-34: Building] INFO  o.e.m.c.i.embedder.EclipseLogger - skip non existing resourceDirectory E:\Automation\PageObjectModelPractice\PageObjectModelTest\src\test\resources
2023-06-07 19:18:42,376 [Worker-37: Building] WARN  o.e.m.c.i.embedder.EclipseLogger - Using platform encoding (Cp1252 actually) to copy filtered resources, i.e. build is platform dependent!
2023-06-07 19:18:42,377 [Worker-37: Building] INFO  o.e.m.c.i.embedder.EclipseLogger - skip non existing resourceDirectory E:\Automation\PageObjectModelPractice\PageObjectModelTest\src\main\resources
2023-06-07 19:18:42,381 [Worker-37: Building] WARN  o.e.m.c.i.embedder.EclipseLogger - Using platform encoding (Cp1252 actually) to copy filtered resources, i.e. build is platform dependent!
2023-06-07 19:18:42,382 [Worker-37: Building] INFO  o.e.m.c.i.embedder.EclipseLogger - skip non existing resourceDirectory E:\Automation\PageObjectModelPractice\PageObjectModelTest\src\test\resources
2023-06-07 19:18:52,482 [Worker-36: Building] WARN  o.e.m.c.i.embedder.EclipseLogger - Using platform encoding (Cp1252 actually) to copy filtered resources, i.e. build is platform dependent!
2023-06-07 19:18:52,483 [Worker-36: Building] INFO  o.e.m.c.i.embedder.EclipseLogger - skip non existing resourceDirectory E:\Automation\PageObjectModelPractice\PageObjectModelTest\src\main\resources
2023-06-07 19:18:52,485 [Worker-36: Building] WARN  o.e.m.c.i.embedder.EclipseLogger - Using platform encoding (Cp1252 actually) to copy filtered resources, i.e. build is platform dependent!
2023-06-07 19:18:52,486 [Worker-36: Building] INFO  o.e.m.c.i.embedder.EclipseLogger - skip non existing resourceDirectory E:\Automation\PageObjectModelPractice\PageObjectModelTest\src\test\resources
2023-06-07 19:18:55,080 [Worker-24: Building] WARN  o.e.m.c.i.embedder.EclipseLogger - Using platform encoding (Cp1252 actually) to copy filtered resources, i.e. build is platform dependent!
2023-06-07 19:18:55,081 [Worker-24: Building] INFO  o.e.m.c.i.embedder.EclipseLogger - skip non existing resourceDirectory E:\Automation\PageObjectModelPractice\PageObjectModelTest\src\main\resources
2023-06-07 19:18:55,084 [Worker-24: Building] WARN  o.e.m.c.i.embedder.EclipseLogger - Using platform encoding (Cp1252 actually) to copy filtered resources, i.e. build is platform dependent!
2023-06-07 19:18:55,085 [Worker-24: Building] INFO  o.e.m.c.i.embedder.EclipseLogger - skip non existing resourceDirectory E:\Automation\PageObjectModelPractice\PageObjectModelTest\src\test\resources
2023-06-07 19:19:04,079 [Worker-35: Building] WARN  o.e.m.c.i.embedder.EclipseLogger - Using platform encoding (Cp1252 actually) to copy filtered resources, i.e. build is platform dependent!
2023-06-07 19:19:04,081 [Worker-35: Building] INFO  o.e.m.c.i.embedder.EclipseLogger - skip non existing resourceDirectory E:\Automation\PageObjectModelPractice\PageObjectModelTest\src\main\resources
2023-06-07 19:19:04,083 [Worker-35: Building] WARN  o.e.m.c.i.embedder.EclipseLogger - Using platform encoding (Cp1252 actually) to copy filtered resources, i.e. build is platform dependent!
2023-06-07 19:19:04,084 [Worker-35: Building] INFO  o.e.m.c.i.embedder.EclipseLogger - skip non existing resourceDirectory E:\Automation\PageObjectModelPractice\PageObjectModelTest\src\test\resources
2023-06-07 19:19:12,128 [Worker-24: Building] WARN  o.e.m.c.i.embedder.EclipseLogger - Using platform encoding (Cp1252 actually) to copy filtered resources, i.e. build is platform dependent!
2023-06-07 19:19:12,129 [Worker-24: Building] INFO  o.e.m.c.i.embedder.EclipseLogger - skip non existing resourceDirectory E:\Automation\PageObjectModelPractice\PageObjectModelTest\src\main\resources
2023-06-07 19:19:12,132 [Worker-24: Building] WARN  o.e.m.c.i.embedder.EclipseLogger - Using platform encoding (Cp1252 actually) to copy filtered resources, i.e. build is platform dependent!
2023-06-07 19:19:12,133 [Worker-24: Building] INFO  o.e.m.c.i.embedder.EclipseLogger - skip non existing resourceDirectory E:\Automation\PageObjectModelPractice\PageObjectModelTest\src\test\resources
2023-06-07 19:19:19,458 [Worker-37: Building] WARN  o.e.m.c.i.embedder.EclipseLogger - Using platform encoding (Cp1252 actually) to copy filtered resources, i.e. build is platform dependent!
2023-06-07 19:19:19,459 [Worker-37: Building] INFO  o.e.m.c.i.embedder.EclipseLogger - skip non existing resourceDirectory E:\Automation\PageObjectModelPractice\PageObjectModelTest\src\main\resources
2023-06-07 19:19:19,462 [Worker-37: Building] WARN  o.e.m.c.i.embedder.EclipseLogger - Using platform encoding (Cp1252 actually) to copy filtered resources, i.e. build is platform dependent!
2023-06-07 19:19:19,463 [Worker-37: Building] INFO  o.e.m.c.i.embedder.EclipseLogger - skip non existing resourceDirectory E:\Automation\PageObjectModelPractice\PageObjectModelTest\src\test\resources
2023-06-07 19:19:52,075 [Worker-24: Building] WARN  o.e.m.c.i.embedder.EclipseLogger - Using platform encoding (Cp1252 actually) to copy filtered resources, i.e. build is platform dependent!
2023-06-07 19:19:52,077 [Worker-24: Building] INFO  o.e.m.c.i.embedder.EclipseLogger - skip non existing resourceDirectory E:\Automation\PageObjectModelPractice\PageObjectModelTest\src\main\resources
2023-06-07 19:19:52,080 [Worker-24: Building] WARN  o.e.m.c.i.embedder.EclipseLogger - Using platform encoding (Cp1252 actually) to copy filtered resources, i.e. build is platform dependent!
2023-06-07 19:19:52,082 [Worker-24: Building] INFO  o.e.m.c.i.embedder.EclipseLogger - skip non existing resourceDirectory E:\Automation\PageObjectModelPractice\PageObjectModelTest\src\test\resources
2023-06-07 20:22:11,631 [Worker-4: Loading available Gradle versions] INFO  o.e.b.c.i.u.g.PublishedGradleVersions - Gradle version information cache is up-to-date. Trying to read.
